<?xml version="1.0" encoding="UTF-8"?>
<!-- Generated by org.testng.reporters.JUnitReportReporter -->
<testsuite skipped="0" hostname="DESKTOP-RK1BKF1" name="TestNG.Assertion3" tests="1" failures="0" timestamp="2022-05-23T01:31:57 IST" time="0.009" errors="0">
  <testcase name="Testcase2" time="0.009" classname="TestNG.Assertion3"/>
  <system-out/>
</testsuite> <!-- TestNG.Assertion3 -->
