<?xml version="1.0" encoding="UTF-8"?>
<!-- Generated by org.testng.reporters.JUnitReportReporter -->
<testsuite skipped="0" hostname="DESKTOP-RK1BKF1" name="TestNG.Assertion2" tests="2" failures="0" timestamp="2022-05-23T01:22:42 IST" time="0.013" errors="0">
  <testcase name="Testcase3" time="0.003" classname="TestNG.Assertion2"/>
  <system-out/>
  <testcase name="Testcase2" time="0.010" classname="TestNG.Assertion2"/>
  <system-out/>
</testsuite> <!-- TestNG.Assertion2 -->
