<?xml version="1.0" encoding="UTF-8"?>
<!-- Generated by org.testng.reporters.JUnitReportReporter -->
<testsuite skipped="0" hostname="DESKTOP-RK1BKF1" name="TestNG.TestNG4" tests="8" failures="0" timestamp="2022-05-22T23:52:18 IST" time="0.010" errors="0">
  <testcase name="a" time="0.005" classname="TestNG.TestNG4"/>
  <system-out/>
  <testcase name="b" time="0.000" classname="TestNG.TestNG4"/>
  <system-out/>
  <testcase name="s" time="0.000" classname="TestNG.TestNG4"/>
  <system-out/>
  <testcase name="e" time="0.000" classname="TestNG.TestNG4"/>
  <system-out/>
  <testcase name="a3" time="0.000" classname="TestNG.TestNG4"/>
  <system-out/>
  <testcase name="z" time="0.000" classname="TestNG.TestNG4"/>
  <system-out/>
  <testcase name="f" time="0.000" classname="TestNG.TestNG4"/>
  <system-out/>
  <testcase name="d" time="0.005" classname="TestNG.TestNG4"/>
  <system-out/>
</testsuite> <!-- TestNG.TestNG4 -->
