<?xml version="1.0" encoding="UTF-8"?>
<!-- Generated by org.testng.reporters.JUnitReportReporter -->
<testsuite skipped="2" hostname="DESKTOP-RK1BKF1" name="TestNG.TestNG5" tests="2" failures="0" timestamp="2022-05-23T00:00:25 IST" time="0.018" errors="0">
  <testcase name="e" time="0.018" classname="TestNG.TestNG5">
    <skipped/>
  </testcase> <!-- e -->
  <system-out/>
  <testcase name="b" classname="TestNG.TestNG5">
    <skipped/>
  </testcase> <!-- b -->
  <system-out/>
</testsuite> <!-- TestNG.TestNG5 -->
