<?xml version="1.0" encoding="UTF-8"?>
<!-- Generated by org.testng.reporters.JUnitReportReporter -->
<testsuite skipped="0" hostname="DESKTOP-RK1BKF1" name="TestNG.TestNG2" tests="1" failures="0" timestamp="2022-05-22T23:52:18 IST" time="0.014" errors="0">
  <testcase name="assertionCheck" time="0.014" classname="TestNG.TestNG2"/>
  <system-out/>
</testsuite> <!-- TestNG.TestNG2 -->
