<?xml version="1.0" encoding="UTF-8"?>
<!-- Generated by org.testng.reporters.JUnitReportReporter -->
<testsuite skipped="0" hostname="DESKTOP-RK1BKF1" name="Selenium.ObjectRepository" tests="1" failures="0" timestamp="2022-05-20T03:11:12 IST" time="16.709" errors="0">
  <testcase name="readProperty" time="16.709" classname="Selenium.ObjectRepository"/>
  <system-out/>
</testsuite> <!-- Selenium.ObjectRepository -->
