<?xml version="1.0" encoding="UTF-8"?>
<!-- Generated by org.testng.reporters.JUnitReportReporter -->
<testsuite skipped="1" hostname="DESKTOP-RK1BKF1" name="TestNG.TestNG6" tests="4" failures="0" timestamp="2022-05-22T23:52:18 IST" time="0.000" errors="0">
  <testcase name="a" time="0.000" classname="TestNG.TestNG6"/>
  <system-out/>
  <testcase name="c" time="0.000" classname="TestNG.TestNG6"/>
  <system-out/>
  <testcase name="c" time="0.000" classname="TestNG.TestNG6"/>
  <system-out/>
  <testcase name="b" classname="TestNG.TestNG6">
    <skipped/>
  </testcase> <!-- b -->
  <system-out/>
</testsuite> <!-- TestNG.TestNG6 -->
