<?xml version="1.0" encoding="UTF-8"?>
<!-- Generated by org.testng.reporters.JUnitReportReporter -->
<testsuite skipped="0" hostname="DESKTOP-RK1BKF1" name="TestNG.TestNG3" tests="4" failures="0" timestamp="2022-05-22T23:52:18 IST" time="0.005" errors="0">
  <testcase name="z" time="0.000" classname="TestNG.TestNG3"/>
  <system-out/>
  <testcase name="a3" time="0.000" classname="TestNG.TestNG3"/>
  <system-out/>
  <testcase name="b" time="0.000" classname="TestNG.TestNG3"/>
  <system-out/>
  <testcase name="a1" time="0.005" classname="TestNG.TestNG3"/>
  <system-out/>
</testsuite> <!-- TestNG.TestNG3 -->
