<?xml version="1.0" encoding="UTF-8"?>
<!-- Generated by org.testng.reporters.JUnitReportReporter -->
<testsuite skipped="0" hostname="DESKTOP-RK1BKF1" name="TestNG.demo" tests="1" failures="0" timestamp="2022-05-23T01:11:00 IST" time="0.011" errors="0">
  <testcase name="demo" time="0.011" classname="TestNG.demo"/>
  <system-out/>
</testsuite> <!-- TestNG.demo -->
