<?xml version="1.0" encoding="UTF-8"?>
<!-- Generated by org.testng.reporters.JUnitReportReporter -->
<testsuite skipped="0" hostname="DESKTOP-RK1BKF1" name="TestNG.TestNG1" tests="2" failures="0" timestamp="2022-05-22T23:52:18 IST" time="0.020" errors="0">
  <testcase name="a1" time="0.013" classname="TestNG.TestNG1"/>
  <system-out/>
  <testcase name="a2" time="0.007" classname="TestNG.TestNG1"/>
  <system-out/>
</testsuite> <!-- TestNG.TestNG1 -->
