<?xml version="1.0" encoding="UTF-8"?>
<!-- Generated by org.testng.reporters.JUnitReportReporter -->
<testsuite skipped="2" hostname="DESKTOP-RK1BKF1" name="TestNG.TestNG" tests="4" failures="0" timestamp="2022-05-20T17:54:33 IST" time="0.012" errors="0">
  <testcase name="c" time="0.011" classname="TestNG.TestNG"/>
  <system-out/>
  <testcase name="c" time="0.001" classname="TestNG.TestNG"/>
  <system-out/>
  <testcase name="e" time="0.000" classname="TestNG.TestNG">
    <skipped/>
  </testcase> <!-- e -->
  <system-out/>
  <testcase name="b" classname="TestNG.TestNG">
    <skipped/>
  </testcase> <!-- b -->
  <system-out/>
</testsuite> <!-- TestNG.TestNG -->
