<?xml version="1.0" encoding="UTF-8"?>
<!-- Generated by org.testng.reporters.JUnitReportReporter -->
<testsuite skipped="0" hostname="DESKTOP-RK1BKF1" name="TestNG.Assertion1" tests="1" failures="0" timestamp="2022-05-23T00:49:35 IST" time="10.919" errors="0">
  <testcase name="Testcase1" time="10.919" classname="TestNG.Assertion1"/>
  <system-out/>
</testsuite> <!-- TestNG.Assertion1 -->
